<?xml version="1.0" encoding="UTF-8"?>
<testng-results ignored="0" total="4" passed="4" failed="0" skipped="0">
  <reporter-output>
  </reporter-output>
  <suite started-at="2021-12-08T02:34:54Z" name="Default suite" finished-at="2021-12-08T02:35:06Z" duration-ms="12443">
    <groups>
    </groups>
    <test started-at="2021-12-08T02:34:54Z" name="Default test" finished-at="2021-12-08T02:35:06Z" duration-ms="12443">
      <class name="Test_Cases.BaseTestCases">
        <test-method is-config="true" signature="setup()[pri:0, instance:Test_Cases.BaseTestCases@41294f8]" started-at="2021-12-08T02:34:54Z" name="setup" finished-at="2021-12-08T02:34:58Z" duration-ms="4193" status="PASS">
          <reporter-output>
          </reporter-output>
        </test-method> <!-- setup -->
        <test-method signature="arraySpliter(java.lang.String, java.lang.String, java.lang.String)[pri:1, instance:Test_Cases.BaseTestCases@41294f8]" started-at="2021-12-08T02:34:59Z" name="arraySpliter" data-provider="testData" finished-at="2021-12-08T02:34:59Z" duration-ms="10" status="PASS">
          <params>
            <param index="0">
              <value>
                <![CDATA[%]]>
              </value>
            </param>
            <param index="1">
              <value>
                <![CDATA[google]]>
              </value>
            </param>
            <param index="2">
              <value>
                <![CDATA[instab]]>
              </value>
            </param>
          </params>
          <reporter-output>
          </reporter-output>
        </test-method> <!-- arraySpliter -->
        <test-method signature="checkPercentageSign()[pri:2, instance:Test_Cases.BaseTestCases@41294f8]" started-at="2021-12-08T02:34:59Z" name="checkPercentageSign" finished-at="2021-12-08T02:35:01Z" duration-ms="2374" status="PASS">
          <reporter-output>
          </reporter-output>
        </test-method> <!-- checkPercentageSign -->
        <test-method signature="checkGoogleSearch()[pri:3, instance:Test_Cases.BaseTestCases@41294f8]" started-at="2021-12-08T02:35:01Z" name="checkGoogleSearch" finished-at="2021-12-08T02:35:03Z" duration-ms="2481" status="PASS">
          <reporter-output>
          </reporter-output>
        </test-method> <!-- checkGoogleSearch -->
        <test-method signature="checkInstabugSearch()[pri:4, instance:Test_Cases.BaseTestCases@41294f8]" started-at="2021-12-08T02:35:03Z" name="checkInstabugSearch" finished-at="2021-12-08T02:35:06Z" duration-ms="2337" status="PASS">
          <reporter-output>
          </reporter-output>
        </test-method> <!-- checkInstabugSearch -->
        <test-method is-config="true" signature="tearDown()[pri:0, instance:Test_Cases.BaseTestCases@41294f8]" started-at="2021-12-08T02:35:06Z" name="tearDown" finished-at="2021-12-08T02:35:06Z" duration-ms="277" status="PASS">
          <reporter-output>
          </reporter-output>
        </test-method> <!-- tearDown -->
      </class> <!-- Test_Cases.BaseTestCases -->
    </test> <!-- Default test -->
  </suite> <!-- Default suite -->
</testng-results>
