<?xml version="1.0" encoding="UTF-8"?>
<testng-results ignored="0" total="4" passed="4" failed="0" skipped="0">
  <reporter-output>
  </reporter-output>
  <suite started-at="2021-12-08T02:08:52Z" name="Default suite" finished-at="2021-12-08T02:09:05Z" duration-ms="13159">
    <groups>
    </groups>
    <test started-at="2021-12-08T02:08:52Z" name="Default test" finished-at="2021-12-08T02:09:05Z" duration-ms="13159">
      <class name="Test_Cases.BaseTestCases">
        <test-method is-config="true" signature="setup()[pri:0, instance:Test_Cases.BaseTestCases@41294f8]" started-at="2021-12-08T02:08:52Z" name="setup" finished-at="2021-12-08T02:08:57Z" duration-ms="5215" status="PASS">
          <reporter-output>
          </reporter-output>
        </test-method> <!-- setup -->
        <test-method signature="arraySpliter(java.lang.String, java.lang.String, java.lang.String)[pri:1, instance:Test_Cases.BaseTestCases@41294f8]" started-at="2021-12-08T02:08:58Z" name="arraySpliter" data-provider="testData" finished-at="2021-12-08T02:08:58Z" duration-ms="6" status="PASS">
          <params>
            <param index="0">
              <value>
                <![CDATA[%]]>
              </value>
            </param>
            <param index="1">
              <value>
                <![CDATA[google]]>
              </value>
            </param>
            <param index="2">
              <value>
                <![CDATA[instab]]>
              </value>
            </param>
          </params>
          <reporter-output>
          </reporter-output>
        </test-method> <!-- arraySpliter -->
        <test-method signature="checkPercentageSign()[pri:2, instance:Test_Cases.BaseTestCases@41294f8]" started-at="2021-12-08T02:08:58Z" name="checkPercentageSign" finished-at="2021-12-08T02:09:00Z" duration-ms="2196" status="PASS">
          <reporter-output>
          </reporter-output>
        </test-method> <!-- checkPercentageSign -->
        <test-method signature="checkGoogleSearch()[pri:3, instance:Test_Cases.BaseTestCases@41294f8]" started-at="2021-12-08T02:09:00Z" name="checkGoogleSearch" finished-at="2021-12-08T02:09:03Z" duration-ms="2490" status="PASS">
          <reporter-output>
          </reporter-output>
        </test-method> <!-- checkGoogleSearch -->
        <test-method signature="checkInstabugSearch()[pri:4, instance:Test_Cases.BaseTestCases@41294f8]" started-at="2021-12-08T02:09:03Z" name="checkInstabugSearch" finished-at="2021-12-08T02:09:05Z" duration-ms="2304" status="PASS">
          <reporter-output>
          </reporter-output>
        </test-method> <!-- checkInstabugSearch -->
        <test-method is-config="true" signature="tearDown()[pri:0, instance:Test_Cases.BaseTestCases@41294f8]" started-at="2021-12-08T02:09:05Z" name="tearDown" finished-at="2021-12-08T02:09:05Z" duration-ms="254" status="PASS">
          <reporter-output>
          </reporter-output>
        </test-method> <!-- tearDown -->
      </class> <!-- Test_Cases.BaseTestCases -->
    </test> <!-- Default test -->
  </suite> <!-- Default suite -->
</testng-results>
