<?xml version="1.0" encoding="UTF-8"?>
<!-- Generated by org.testng.reporters.JUnitXMLReporter -->
<testsuite ignored="0" hostname="DESKTOP-RCJQTGO" failures="0" tests="4" name="Default test" time="13.159" errors="0" timestamp="08 Dec 2021 02:09:05 GMT">
  <testcase classname="Test_Cases.BaseTestCases" name="arraySpliter" time="0.006"/>
  <testcase classname="Test_Cases.BaseTestCases" name="checkPercentageSign" time="2.196"/>
  <testcase classname="Test_Cases.BaseTestCases" name="checkGoogleSearch" time="2.49"/>
  <testcase classname="Test_Cases.BaseTestCases" name="checkInstabugSearch" time="2.304"/>
</testsuite> <!-- Default test -->
